Detecting compiler hash for triplet x64-linux...
Compiler found: /usr/bin/c++
The following packages are already installed:
    fmt:x64-linux@11.0.2#1 -- git+https://github.com/microsoft/vcpkg@07a73a7565e5de9eb42e90c16c133bdfdfebbcda
  * vcpkg-cmake:x64-linux@2024-04-23 -- git+https://github.com/microsoft/vcpkg@e74aa1e8f93278a8e71372f1fa08c3df420eb840
  * vcpkg-cmake-config:x64-linux@2024-05-23 -- git+https://github.com/microsoft/vcpkg@97a63e4bc1a17422ffe4eff71da53b4b561a7841
The following packages will be built and installed:
  * brotli:x64-linux@1.1.0#1 -- git+https://github.com/microsoft/vcpkg@4e5b5ae1ad26c80535c893cc0307121f0398549e
  * c-ares:x64-linux@1.34.5 -- git+https://github.com/microsoft/vcpkg@e39f819020d30d42ddfa5b351ed38bc78b0be157
    drogon:x64-linux@1.9.10 -- git+https://github.com/microsoft/vcpkg@51b49c1237db808cd360cd44a0213029f7ef05ef
  * jsoncpp:x64-linux@1.9.6 -- git+https://github.com/microsoft/vcpkg@dde49ad9d554fd5f062c0c1deea6e54b6fdb35b2
  * libuuid:x64-linux@1.0.3#15 -- git+https://github.com/microsoft/vcpkg@21e17c7c38cd70cc7aa063860eb6717f61b3cbad
  * openssl:x64-linux@3.5.1 -- git+https://github.com/microsoft/vcpkg@ce87a54727bd8a845487174b4cc04edd00348cfb
  * trantor:x64-linux@1.5.23 -- git+https://github.com/microsoft/vcpkg@bba23ca39aca1b346d0f5c0f46d3e0a95be34e30
  * vcpkg-cmake-get-vars:x64-linux@2025-05-29 -- git+https://github.com/microsoft/vcpkg@d6510f888dd526c7828f6b973349e7f30be51254
  * zlib:x64-linux@1.3.1 -- git+https://github.com/microsoft/vcpkg@3f05e04b9aededb96786a911a16193cdb711f0c9
Additional packages (*) will be modified to complete this operation.
Restored 9 package(s) from /home/vladimir/.cache/vcpkg/archives in 438 ms. Use --debug to see more details.
Installing 1/9 zlib:x64-linux@1.3.1...
Elapsed time to handle zlib:x64-linux: 923 us
zlib:x64-linux package ABI: ea0c0e82cf507d1ba77c74856acab981b12d7fb7a2ae7f27943e8e64ffab95ae
Installing 2/9 vcpkg-cmake-get-vars:x64-linux@2025-05-29...
Elapsed time to handle vcpkg-cmake-get-vars:x64-linux: 345 us
vcpkg-cmake-get-vars:x64-linux package ABI: c1f24c3c1da2ad60a3263002c6480256f6c9104822d774fc368e34a66dea45d6
Installing 3/9 openssl:x64-linux@3.5.1...
Elapsed time to handle openssl:x64-linux: 2.46 ms
openssl:x64-linux package ABI: 2ae900b1e23b962ae6ad0177a7122c4f37003851fcbbe2627b4c684596eab990
Installing 4/9 c-ares:x64-linux@1.34.5...
Elapsed time to handle c-ares:x64-linux: 599 us
c-ares:x64-linux package ABI: 6c9b7f55bf6cdc79708e2592b585237ab4b3371e78555a8030766dfafae5f0c3
Installing 5/9 trantor:x64-linux@1.5.23...
Elapsed time to handle trantor:x64-linux: 808 us
trantor:x64-linux package ABI: 7997ae0b1fa16b9ce97a973ac7a439b23553f48066c61278f850f39a1bb8d578
Installing 6/9 libuuid:x64-linux@1.0.3#15...
Elapsed time to handle libuuid:x64-linux: 621 us
libuuid:x64-linux package ABI: 4f32b8bc8a0dde7c50b1a267b174a43b66284e7482b65a2627c6e05336303a03
Installing 7/9 jsoncpp:x64-linux@1.9.6...
Elapsed time to handle jsoncpp:x64-linux: 707 us
jsoncpp:x64-linux package ABI: 719041bdb3ac95ef7a54b7d0d6d54755cf293d516e583ad182b7c82831def2fe
Installing 8/9 brotli:x64-linux@1.1.0#1...
Elapsed time to handle brotli:x64-linux: 838 us
brotli:x64-linux package ABI: 6772d59274cdd224fb5350a3959b83539e5cdc1bc9371d51dbd11d67edeb3c77
Installing 9/9 drogon:x64-linux@1.9.10...
Elapsed time to handle drogon:x64-linux: 1.53 ms
drogon:x64-linux package ABI: 45f4f4eef514182d70fe1da6eb2562d017c3c9263516ca026380dd66f9c763f8
Installed contents are licensed to you by owners. Microsoft is not responsible for, nor does it grant any licenses to, third-party packages.
Packages installed in this vcpkg installation declare the following licenses:
Apache-2.0
BSD-2-Clause
BSD-3-Clause
MIT
MIT-CMU
Zlib
The package drogon provides CMake targets:

    find_package(Drogon CONFIG REQUIRED)
    target_link_libraries(main PRIVATE Drogon::Drogon)

The package fmt provides CMake targets:

    find_package(fmt CONFIG REQUIRED)
    target_link_libraries(main PRIVATE fmt::fmt)

    # Or use the header-only version
    find_package(fmt CONFIG REQUIRED)
    target_link_libraries(main PRIVATE fmt::fmt-header-only)

All requested installations completed successfully in: 9.47 ms
