Fetching registry information from https://github.com/microsoft/vcpkg (HEAD)...
Detecting compiler hash for triplet x64-linux...
Compiler found: /usr/bin/c++
The following packages will be built and installed:
  * egl-registry:x64-linux@2024-01-25 -- git+https://github.com/microsoft/vcpkg@d883db43133dd223c4ffdbef4193943f6784d43a
    fmt:x64-linux@11.0.2#1 -- git+https://github.com/microsoft/vcpkg@07a73a7565e5de9eb42e90c16c133bdfdfebbcda
    glad[core,loader]:x64-linux@0.1.36 -- git+https://github.com/microsoft/vcpkg@fa93b14c1581057e1d14650f5f15c9b0757dd548
    glfw3:x64-linux@3.4#1 -- git+https://github.com/microsoft/vcpkg@d4bbd4f27c2ca619f57778985120cddcedadb1cc
  * opengl-registry:x64-linux@2024-02-10#1 -- git+https://github.com/microsoft/vcpkg@22f7aa58ee78c9f0db904b6251e9265f2be26f9d
  * vcpkg-cmake:x64-linux@2024-04-23 -- git+https://github.com/microsoft/vcpkg@e74aa1e8f93278a8e71372f1fa08c3df420eb840
  * vcpkg-cmake-config:x64-linux@2024-05-23 -- git+https://github.com/microsoft/vcpkg@97a63e4bc1a17422ffe4eff71da53b4b561a7841
Additional packages (*) will be modified to complete this operation.
Restored 7 package(s) from /home/vladimir/.cache/vcpkg/archives in 25 ms. Use --debug to see more details.
Installing 1/7 vcpkg-cmake-config:x64-linux@2024-05-23...
Elapsed time to handle vcpkg-cmake-config:x64-linux: 352 us
vcpkg-cmake-config:x64-linux package ABI: a95fc7eb1c312050edf65501ae3c6470aa5fac6e560e529f198f70329740a7c1
Installing 2/7 vcpkg-cmake:x64-linux@2024-04-23...
Elapsed time to handle vcpkg-cmake:x64-linux: 274 us
vcpkg-cmake:x64-linux package ABI: 1aed0899d6864af1d125ba8ba8ba10dac53ec7ceeac735680be6777c28bfcbe3
Installing 3/7 fmt:x64-linux@11.0.2#1...
Elapsed time to handle fmt:x64-linux: 689 us
fmt:x64-linux package ABI: 1f8b354aae4e55b098373ff95a1cd30a408a65a720bc545b7ab70d2263dc3897
Installing 4/7 egl-registry:x64-linux@2024-01-25...
Elapsed time to handle egl-registry:x64-linux: 433 us
egl-registry:x64-linux package ABI: 35a0d9ddbb8c88c0c7811f7733689d0fbd90a4e44515fc8462c29a2c58a27c7d
Installing 5/7 opengl-registry:x64-linux@2024-02-10#1...
Elapsed time to handle opengl-registry:x64-linux: 852 us
opengl-registry:x64-linux package ABI: 09774d259b75588b68dc5e6369623cdbe5cd14c8dae8c0aa54e335b2d8369670
Installing 6/7 glad[core,loader]:x64-linux@0.1.36...
Elapsed time to handle glad:x64-linux: 578 us
glad:x64-linux package ABI: 8ac40f8d2a6e79dae6cc043bc5a70a4d73f646b28f06e5dce6c553293a0f8e0c
Installing 7/7 glfw3:x64-linux@3.4#1...
Elapsed time to handle glfw3:x64-linux: 548 us
glfw3:x64-linux package ABI: 3823ad699556c3b83866e72dd5d58beba8edcd09345b087a116c05cfe2b969ae
Installed contents are licensed to you by owners. Microsoft is not responsible for, nor does it grant any licenses to, third-party packages.
Some packages did not declare an SPDX license. Check the `copyright` file for each package for more information about their licensing.
Packages installed in this vcpkg installation declare the following licenses:
MIT
Zlib
The package fmt provides CMake targets:

    find_package(fmt CONFIG REQUIRED)
    target_link_libraries(main PRIVATE fmt::fmt)

    # Or use the header-only version
    find_package(fmt CONFIG REQUIRED)
    target_link_libraries(main PRIVATE fmt::fmt-header-only)

glad provides CMake targets:

  # this is heuristically generated, and may not be correct
  find_package(glad CONFIG REQUIRED)
  target_link_libraries(main PRIVATE glad::glad)

glfw3 provides CMake targets:

  # this is heuristically generated, and may not be correct
  find_package(glfw3 CONFIG REQUIRED)
  target_link_libraries(main PRIVATE glfw)

glfw3 provides pkg-config modules:

  # A multi-platform library for OpenGL, window and input
  glfw3

All requested installations completed successfully in: 4.17 ms
